SF:lib\features\activities\cubit\activities_state.dart
DA:13,0
DA:20,0
DA:26,0
DA:27,0
DA:28,0
DA:29,0
DA:30,0
DA:34,0
DA:35,0
DA:36,0
DA:37,0
DA:38,0
DA:39,0
LF:13
LH:0
end_of_record
SF:lib\features\activities\cubit\activities_cubit.dart
DA:13,0
DA:14,0
DA:21,0
DA:22,0
DA:24,0
DA:25,0
DA:26,0
DA:28,0
DA:32,0
DA:35,0
DA:36,0
DA:39,0
DA:41,0
DA:42,0
DA:47,0
DA:49,0
DA:53,0
DA:54,0
DA:56,0
DA:60,0
DA:64,0
DA:67,0
DA:68,0
DA:69,0
DA:70,0
DA:71,0
DA:73,0
DA:76,0
DA:78,0
DA:79,0
DA:81,0
DA:88,0
DA:89,0
DA:90,0
DA:93,0
DA:95,0
DA:96,0
DA:97,0
DA:98,0
DA:100,0
DA:102,0
DA:109,0
DA:112,0
DA:114,0
DA:116,0
DA:119,0
DA:121,0
DA:123,0
DA:124,0
DA:130,0
DA:131,0
DA:137,0
DA:138,0
DA:142,0
DA:144,0
DA:146,0
DA:147,0
DA:153,0
DA:154,0
DA:160,0
DA:161,0
LF:61
LH:0
end_of_record
SF:lib\shared\models\activity.dart
DA:14,6
DA:26,2
DA:27,1
DA:28,1
DA:29,1
DA:30,1
DA:31,1
DA:32,4
DA:33,1
DA:34,1
DA:35,3
DA:38,2
DA:39,1
DA:40,1
DA:41,1
DA:42,1
DA:43,1
DA:44,4
DA:45,1
DA:46,1
DA:47,3
DA:50,0
DA:52,0
LF:23
LH:21
end_of_record
SF:lib\shared\models\activity_selected.dart
DA:4,3
DA:14,0
DA:16,0
DA:19,1
DA:23,1
DA:24,1
DA:25,1
DA:26,1
LF:8
LH:6
end_of_record
SF:lib\shared\models\trainer.dart
DA:9,7
DA:18,4
DA:19,2
DA:20,2
DA:21,2
DA:22,2
DA:23,2
DA:24,8
DA:27,2
DA:28,1
DA:29,1
DA:30,1
DA:31,1
DA:32,1
DA:33,4
DA:36,4
DA:38,1
DA:45,1
DA:46,1
DA:47,1
DA:48,1
DA:49,1
DA:50,1
DA:51,1
LF:24
LH:24
end_of_record
SF:lib\shared\repository\activities_repository.dart
DA:9,1
DA:18,1
DA:19,2
DA:20,2
DA:22,2
DA:23,5
DA:25,2
DA:31,0
DA:32,0
DA:34,0
DA:35,0
DA:37,0
DA:38,0
DA:40,0
LF:14
LH:7
end_of_record
SF:lib\shared\services\activity_service.dart
DA:13,0
DA:16,0
DA:23,0
DA:25,0
DA:27,0
DA:29,0
DA:30,0
DA:31,0
DA:35,0
DA:39,0
DA:41,0
DA:42,0
DA:45,0
DA:46,0
DA:48,0
DA:49,0
DA:50,0
DA:53,0
DA:57,0
DA:58,0
DA:60,0
DA:61,0
DA:63,0
DA:65,0
DA:68,0
DA:69,0
DA:71,0
DA:72,0
DA:74,0
DA:77,0
DA:78,0
LF:31
LH:0
end_of_record
SF:lib\shared\services\trainer_service.dart
DA:10,0
DA:12,0
DA:13,0
DA:14,0
DA:18,0
DA:22,0
DA:24,0
DA:25,0
DA:30,0
LF:9
LH:0
end_of_record
SF:lib\features\activities\widgets\activities_list.dart
DA:18,1
DA:27,1
DA:29,1
DA:31,1
DA:33,1
DA:34,1
DA:35,1
DA:36,1
DA:41,1
DA:42,1
DA:43,1
DA:46,1
DA:47,2
DA:48,1
DA:50,1
DA:52,1
DA:53,1
DA:55,0
DA:56,0
DA:57,0
DA:58,0
DA:60,0
DA:61,0
DA:63,0
DA:64,0
DA:67,0
DA:68,0
DA:69,0
DA:76,0
DA:77,2
DA:87,1
DA:102,1
DA:104,1
DA:106,1
DA:107,3
DA:109,1
DA:110,1
DA:112,1
DA:113,1
DA:114,3
DA:116,1
DA:119,1
DA:120,2
DA:121,1
DA:125,1
DA:128,1
DA:129,1
DA:133,1
DA:136,1
DA:137,2
DA:138,2
DA:142,1
DA:143,1
DA:144,4
DA:145,1
DA:146,1
DA:159,1
DA:168,1
DA:170,1
DA:172,1
DA:174,1
DA:175,1
DA:176,1
DA:177,3
DA:179,1
DA:180,2
DA:184,1
DA:186,1
DA:187,1
DA:188,1
DA:198,1
DA:205,1
DA:207,1
DA:210,1
DA:213,2
DA:214,1
DA:215,2
LF:77
LH:65
end_of_record
SF:lib\features\user_activities\cubit\user_activities_state.dart
DA:14,0
DA:21,0
DA:27,0
DA:28,0
DA:29,0
DA:30,0
DA:31,0
DA:35,0
DA:36,0
DA:37,0
DA:38,0
DA:39,0
DA:40,0
LF:13
LH:0
end_of_record
SF:lib\features\user_activities\cubit\user_activities_cubit.dart
DA:16,0
DA:17,0
DA:20,0
DA:21,0
DA:22,0
DA:25,0
DA:26,0
DA:29,0
DA:30,0
DA:31,0
DA:32,0
DA:39,0
DA:44,0
DA:46,0
DA:48,0
DA:49,0
DA:54,0
DA:55,0
DA:61,0
LF:19
LH:0
end_of_record
SF:lib\core\constants\color_constant.dart
DA:5,0
DA:7,0
DA:9,6
DA:11,9
DA:13,3
DA:15,3
DA:17,0
DA:19,3
DA:20,3
DA:21,15
DA:22,6
DA:23,9
LF:12
LH:9
end_of_record
SF:lib\core\themes\app_decoration.dart
DA:3,2
DA:7,3
DA:13,3
DA:14,1
DA:16,1
DA:17,1
DA:22,3
DA:25,3
DA:30,3
DA:31,2
DA:32,2
DA:33,2
DA:35,3
DA:36,3
LF:14
LH:14
end_of_record
SF:lib\core\themes\app_styles.dart
DA:6,0
DA:7,0
DA:13,3
DA:14,1
DA:20,3
DA:21,1
DA:27,9
DA:28,3
DA:34,0
DA:35,0
DA:41,6
DA:42,2
DA:48,6
DA:49,2
DA:55,6
DA:56,2
LF:16
LH:12
end_of_record
SF:lib\shared\widgets\activity_detail.dart
DA:11,1
DA:24,1
DA:26,1
DA:29,1
DA:30,3
DA:34,1
DA:35,1
DA:36,1
DA:37,1
DA:39,1
DA:40,1
DA:41,3
DA:46,1
DA:47,1
DA:49,1
DA:50,1
DA:51,2
DA:52,1
DA:55,1
DA:56,2
DA:57,2
DA:62,1
DA:63,2
DA:64,1
DA:74,2
DA:75,1
DA:76,1
DA:86,1
DA:95,1
DA:97,1
DA:98,1
DA:100,1
DA:101,1
DA:105,1
DA:106,1
DA:107,3
DA:109,1
DA:110,3
DA:118,1
DA:125,1
DA:127,1
DA:130,1
DA:131,1
DA:132,1
DA:133,2
LF:45
LH:45
end_of_record
SF:lib\shared\widgets\activity_schedule.dart
DA:8,3
DA:17,3
DA:19,3
DA:20,3
DA:21,3
DA:24,3
DA:27,9
DA:32,3
DA:34,3
DA:39,3
DA:41,9
DA:47,3
DA:48,3
DA:49,3
DA:54,3
DA:56,3
DA:61,3
DA:63,9
DA:69,3
DA:70,3
DA:71,3
LF:21
LH:21
end_of_record
SF:lib\shared\widgets\activity_title.dart
DA:4,3
DA:13,3
DA:15,3
DA:16,3
DA:19,3
DA:20,3
DA:21,3
LF:7
LH:7
end_of_record
SF:lib\shared\widgets\activity_top_button.dart
DA:5,2
DA:12,2
DA:14,2
DA:15,2
DA:16,2
DA:19,2
DA:20,4
DA:21,2
DA:22,2
DA:25,2
DA:27,6
LF:11
LH:11
end_of_record
SF:lib\shared\widgets\custom_circle_avatar.dart
DA:11,0
DA:17,0
DA:19,0
DA:20,0
DA:21,0
DA:22,0
DA:23,0
DA:24,0
DA:26,0
DA:29,0
DA:30,0
DA:31,0
DA:32,0
DA:33,0
DA:34,0
DA:35,0
DA:36,0
DA:38,0
DA:39,0
DA:43,0
DA:44,0
DA:53,0
DA:58,0
DA:60,0
DA:63,0
DA:64,0
DA:65,0
DA:67,0
LF:28
LH:0
end_of_record
SF:lib\features\home\cubit\home_state.dart
DA:6,0
DA:14,0
DA:18,0
DA:19,0
DA:20,0
DA:24,0
DA:25,0
LF:7
LH:0
end_of_record
SF:lib\features\home\cubit\home_cubit.dart
DA:10,0
DA:13,0
DA:14,0
DA:17,0
DA:22,0
DA:24,0
DA:26,0
DA:30,0
DA:34,0
LF:9
LH:0
end_of_record
SF:lib\shared\models\member.dart
DA:7,1
DA:14,2
DA:15,1
DA:16,1
DA:17,1
DA:18,1
DA:21,2
DA:22,1
DA:23,1
DA:24,1
DA:25,1
DA:28,4
DA:30,1
DA:35,1
DA:36,1
DA:37,1
DA:38,1
DA:39,1
DA:42,0
DA:43,0
LF:20
LH:18
end_of_record
SF:lib\shared\repository\member_repository.dart
DA:5,0
DA:11,0
DA:14,0
DA:18,0
LF:4
LH:0
end_of_record
SF:lib\features\user_activities\widgets\user_activities_list.dart
DA:15,1
DA:24,1
DA:26,1
DA:27,1
DA:29,1
DA:30,1
DA:32,1
DA:33,1
DA:34,1
DA:42,1
DA:45,1
DA:46,1
DA:47,1
DA:50,2
DA:51,1
DA:52,2
DA:53,1
DA:55,0
DA:58,0
DA:59,0
DA:62,0
DA:63,0
DA:64,0
DA:69,0
DA:72,0
DA:82,1
DA:93,1
DA:95,1
DA:99,1
DA:100,1
DA:101,1
DA:102,1
DA:103,1
DA:104,2
DA:105,1
DA:108,1
DA:110,1
DA:111,2
DA:112,2
DA:116,1
DA:118,3
DA:121,1
DA:124,1
DA:125,3
DA:129,1
DA:132,1
DA:133,1
DA:137,1
DA:140,1
DA:141,1
DA:148,1
DA:149,1
DA:150,1
DA:151,1
DA:152,4
DA:154,1
DA:155,1
DA:164,1
DA:172,1
DA:174,1
DA:176,1
DA:177,1
DA:178,1
DA:183,1
DA:185,1
DA:192,3
DA:199,1
DA:205,1
DA:207,1
DA:208,1
DA:209,1
DA:212,1
DA:213,2
DA:214,2
DA:216,2
DA:218,1
DA:226,1
DA:233,1
DA:235,1
DA:236,1
DA:240,1
DA:241,1
DA:244,1
LF:83
LH:75
end_of_record
SF:lib\features\user_activities\widgets\user_activities_list_empty.dart
DA:9,0
DA:13,0
DA:15,0
DA:16,0
DA:18,0
DA:19,0
DA:21,0
DA:24,0
DA:30,0
DA:31,0
DA:32,0
DA:33,0
DA:34,0
DA:35,0
DA:37,0
DA:38,0
DA:39,0
DA:41,0
LF:18
LH:0
end_of_record
SF:lib\features\user_activities\widgets\user_activities_list_failure.dart
DA:5,0
DA:9,0
LF:2
LH:0
end_of_record
SF:lib\features\user_activities\widgets\user_activities_list_loading.dart
DA:4,0
DA:8,0
LF:2
LH:0
end_of_record
SF:lib\shared\services\member_service.dart
DA:10,0
DA:12,0
DA:13,0
DA:14,0
DA:18,0
DA:22,0
DA:24,0
DA:25,0
DA:30,0
LF:9
LH:0
end_of_record
